Using pre-set license
Built from '2022.3/staging' branch; Version is '2022.3.8f1 (b5eafc012955) revision 11922172'; Using compiler version '192829333'; Build Type 'Release'
OS: 'Windows 11  (10.0.22631) 64bit Education' Language: 'en' Physical Memory: 16309 MB
BatchMode: 1, IsHumanControllingUs: 0, StartBugReporterOnCrash: 0, Is64bit: 1, IsPro: 1

COMMAND LINE ARGUMENTS:
C:\Program Files\Unity\Hub\Editor\2022.3.8f1\Editor\Unity.exe
-adb2
-batchMode
-noUpm
-name
AssetImportWorker1
-projectPath
C:/Users/Student/My project (2)
-logFile
Logs/AssetImportWorker1.log
-srvPort
51128
Successfully changed project path to: C:/Users/Student/My project (2)
C:/Users/Student/My project (2)
[UnityMemory] Configuration Parameters - Can be set up in boot.config
    "memorysetup-bucket-allocator-granularity=16"
    "memorysetup-bucket-allocator-bucket-count=8"
    "memorysetup-bucket-allocator-block-size=33554432"
    "memorysetup-bucket-allocator-block-count=8"
    "memorysetup-main-allocator-block-size=16777216"
    "memorysetup-thread-allocator-block-size=16777216"
    "memorysetup-gfx-main-allocator-block-size=16777216"
    "memorysetup-gfx-thread-allocator-block-size=16777216"
    "memorysetup-cache-allocator-block-size=4194304"
    "memorysetup-typetree-allocator-block-size=2097152"
    "memorysetup-profiler-bucket-allocator-granularity=16"
    "memorysetup-profiler-bucket-allocator-bucket-count=8"
    "memorysetup-profiler-bucket-allocator-block-size=33554432"
    "memorysetup-profiler-bucket-allocator-block-count=8"
    "memorysetup-profiler-allocator-block-size=16777216"
    "memorysetup-profiler-editor-allocator-block-size=1048576"
    "memorysetup-temp-allocator-size-main=16777216"
    "memorysetup-job-temp-allocator-block-size=2097152"
    "memorysetup-job-temp-allocator-block-size-background=1048576"
    "memorysetup-job-temp-allocator-reduction-small-platforms=262144"
    "memorysetup-allocator-temp-initial-block-size-main=262144"
    "memorysetup-allocator-temp-initial-block-size-worker=262144"
    "memorysetup-temp-allocator-size-background-worker=32768"
    "memorysetup-temp-allocator-size-job-worker=262144"
    "memorysetup-temp-allocator-size-preload-manager=33554432"
    "memorysetup-temp-allocator-size-nav-mesh-worker=65536"
    "memorysetup-temp-allocator-size-audio-worker=65536"
    "memorysetup-temp-allocator-size-cloud-worker=32768"
    "memorysetup-temp-allocator-size-gi-baking-worker=262144"
    "memorysetup-temp-allocator-size-gfx=262144"
Player connection [19348] Host "[IP] 10.0.3.219 [Port] 0 [Flags] 2 [Guid] 4152080624 [EditorId] 4152080624 [Version] 1048832 [Id] WindowsEditor(7,CIIT501PC11) [Debug] 1 [PackageName] WindowsEditor [ProjectName] Editor" joined multi-casting on [225.0.0.222:54997]...

Player connection [19348] Host "[IP] 10.0.3.219 [Port] 0 [Flags] 2 [Guid] 4152080624 [EditorId] 4152080624 [Version] 1048832 [Id] WindowsEditor(7,CIIT501PC11) [Debug] 1 [PackageName] WindowsEditor [ProjectName] Editor" joined alternative multi-casting on [225.0.0.222:34997]...

[Physics::Module] Initialized MultithreadedJobDispatcher with 11 workers.
Refreshing native plugins compatible for Editor in 1091.46 ms, found 3 plugins.
Preloading 0 native plugins for Editor in 0.00 ms.
Initialize engine version: 2022.3.8f1 (b5eafc012955)
[Subsystems] Discovering subsystems at path C:/Program Files/Unity/Hub/Editor/2022.3.8f1/Editor/Data/Resources/UnitySubsystems
[Subsystems] Discovering subsystems at path C:/Users/Student/My project (2)/Assets
GfxDevice: creating device client; threaded=0; jobified=0
Direct3D:
    Version:  Direct3D 11.0 [level 11.1]
    Renderer: NVIDIA GeForce GTX 1650 (ID=0x1f82)
    Vendor:   NVIDIA
    VRAM:     3949 MB
    Driver:   31.0.15.3179
Initialize mono
Mono path[0] = 'C:/Program Files/Unity/Hub/Editor/2022.3.8f1/Editor/Data/Managed'
Mono path[1] = 'C:/Program Files/Unity/Hub/Editor/2022.3.8f1/Editor/Data/MonoBleedingEdge/lib/mono/unityjit-win32'
Mono config path = 'C:/Program Files/Unity/Hub/Editor/2022.3.8f1/Editor/Data/MonoBleedingEdge/etc'
Using monoOptions --debugger-agent=transport=dt_socket,embedding=1,server=y,suspend=n,address=127.0.0.1:56588
Begin MonoManager ReloadAssembly
Registering precompiled unity dll's ...
Register platform support module: C:/Program Files/Unity/Hub/Editor/2022.3.8f1/Editor/Data/PlaybackEngines/WindowsStandaloneSupport/UnityEditor.WindowsStandalone.Extensions.dll
Registered in 0.078024 seconds.
- Loaded All Assemblies, in  4.198 seconds
Native extension for WindowsStandalone target not found
Mono: successfully reloaded assembly
- Finished resetting the current domain, in  0.181 seconds
Domain Reload Profiling: 4378ms
	BeginReloadAssembly (3167ms)
		ExecutionOrderSort (0ms)
		DisableScriptedObjects (0ms)
		BackupInstance (0ms)
		ReleaseScriptingObjects (0ms)
		CreateAndSetChildDomain (1ms)
	RebuildCommonClasses (280ms)
	RebuildNativeTypeToScriptingClass (7ms)
	initialDomainReloadingComplete (115ms)
	LoadAllAssembliesAndSetupDomain (628ms)
		LoadAssemblies (3165ms)
		RebuildTransferFunctionScriptingTraits (0ms)
		AnalyzeDomain (627ms)
			TypeCache.Refresh (626ms)
				TypeCache.ScanAssembly (451ms)
			ScanForSourceGeneratedMonoScriptInfo (0ms)
			ResolveRequiredComponents (0ms)
	FinalizeReload (181ms)
		ReleaseScriptCaches (0ms)
		RebuildScriptCaches (0ms)
		SetupLoadedEditorAssemblies (140ms)
			LogAssemblyErrors (0ms)
			InitializePlatformSupportModulesInManaged (6ms)
			SetLoadedEditorAssemblies (5ms)
			RefreshPlugins (0ms)
			BeforeProcessingInitializeOnLoad (1ms)
			ProcessInitializeOnLoadAttributes (90ms)
			ProcessInitializeOnLoadMethodAttributes (37ms)
			AfterProcessingInitializeOnLoad (0ms)
			EditorAssembliesLoaded (0ms)
		ExecutionOrderSort2 (0ms)
		AwakeInstancesAfterBackupRestoration (0ms)
========================================================================
Worker process is ready to serve import requests
Begin MonoManager ReloadAssembly
- Loaded All Assemblies, in  3.540 seconds
Refreshing native plugins compatible for Editor in 2.06 ms, found 3 plugins.
Native extension for WindowsStandalone target not found
Package Manager log level set to [2]
[Package Manager] Server::EnsureServerProcessIsRunning -- launch failed, reason: Unity was launched with the -noUpm command-line argument
[Package Manager] UpmClient::Send -- Unable to send message (not connected to UPM process).
[Package Manager] Cannot connect to Unity Package Manager local server
Mono: successfully reloaded assembly
- Finished resetting the current domain, in  0.399 seconds
Domain Reload Profiling: 3937ms
	BeginReloadAssembly (108ms)
		ExecutionOrderSort (0ms)
		DisableScriptedObjects (4ms)
		BackupInstance (0ms)
		ReleaseScriptingObjects (0ms)
		CreateAndSetChildDomain (15ms)
	RebuildCommonClasses (23ms)
	RebuildNativeTypeToScriptingClass (8ms)
	initialDomainReloadingComplete (32ms)
	LoadAllAssembliesAndSetupDomain (3368ms)
		LoadAssemblies (3105ms)
		RebuildTransferFunctionScriptingTraits (0ms)
		AnalyzeDomain (326ms)
			TypeCache.Refresh (313ms)
				TypeCache.ScanAssembly (274ms)
			ScanForSourceGeneratedMonoScriptInfo (10ms)
			ResolveRequiredComponents (2ms)
	FinalizeReload (399ms)
		ReleaseScriptCaches (0ms)
		RebuildScriptCaches (0ms)
		SetupLoadedEditorAssemblies (301ms)
			LogAssemblyErrors (0ms)
			InitializePlatformSupportModulesInManaged (4ms)
			SetLoadedEditorAssemblies (2ms)
			RefreshPlugins (0ms)
			BeforeProcessingInitializeOnLoad (41ms)
			ProcessInitializeOnLoadAttributes (236ms)
			ProcessInitializeOnLoadMethodAttributes (13ms)
			AfterProcessingInitializeOnLoad (4ms)
			EditorAssembliesLoaded (0ms)
		ExecutionOrderSort2 (0ms)
		AwakeInstancesAfterBackupRestoration (4ms)
Launched and connected shader compiler UnityShaderCompiler.exe after 0.03 seconds
Refreshing native plugins compatible for Editor in 2.42 ms, found 3 plugins.
Preloading 0 native plugins for Editor in 0.00 ms.
Unloading 3069 Unused Serialized files (Serialized files now loaded: 0)
Unloading 31 unused Assets / (56.3 KB). Loaded Objects now: 3531.
Memory consumption went from 113.9 MB to 113.8 MB.
Total: 2.883500 ms (FindLiveObjects: 0.176600 ms CreateObjectMapping: 0.080300 ms MarkObjects: 2.551500 ms  DeleteObjects: 0.074300 ms)

AssetImportParameters requested are different than current active one (requested -> active):
  custom:container-demuxer-ogg: 62fdf1f143b41e24485cea50d1cbac27 -> 
  custom:video-codec-MediaFoundation-h265: 746d11721c4dcdbdad8f713fa42b33f4 -> 
  custom:video-decoder-ogg-theora: a1e56fd34408186e4bbccfd4996cb3dc -> 
  custom:framework-win-MediaFoundation: 216162199b28c13a410421893ffa2e32 -> 
  custom:CustomObjectIndexerAttribute: 756ad292c208cfabdd7b50bc23989ffe -> 
  custom:container-demuxer-webm: 4f35f7cbe854078d1ac9338744f61a02 -> 
  custom:container-muxer-webm: aa71ff27fc2769a1b78a27578f13a17b -> 
  custom:video-decoder-webm-vp8: 9c59270c3fd7afecdb556c50c9e8de78 -> 
  custom:SearchIndexIgnoredProperties: e643bd26f0fe6173181afceb89e7c659 -> 
  custom:AudioImporter_EditorPlatform: d09bf68614088b80899f8185d706f6e7 -> 
  custom:video-encoder-webm-vp8: eb34c28f22e8b96e1ab97ce403110664 -> 
  custom:audio-decoder-ogg-vorbis: bf7c407c2cedff20999df2af8eb42d56 -> 
  custom:audio-encoder-webm-vorbis: bf7c407c2cedff20999df2af8eb42d56 -> 
========================================================================
Received Import Request.
  Time since last request: 4140.195795 seconds.
  path: Assets
  artifactKey: Guid(00000000000000001000000000000000) Importer(815301076,1909f56bfc062723c751e8b465ee728b)
Start importing Assets using Guid(00000000000000001000000000000000) Importer(815301076,1909f56bfc062723c751e8b465ee728b)  -> (artifact id: '8a4fe85251aa2e89732c359432baa2c3') in 0.001990 seconds
Number of updated asset objects reloaded before import = 0
Number of asset objects unloaded after import = 0
========================================================================
Received Import Request.
  Time since last request: 162.704836 seconds.
  path: Assets/Bulky-Knight/textures/Armour_N.png
  artifactKey: Guid(24f5552592e6b0c439c74cfc64f05d40) Importer(815301076,1909f56bfc062723c751e8b465ee728b)
Start importing Assets/Bulky-Knight/textures/Armour_N.png using Guid(24f5552592e6b0c439c74cfc64f05d40) Importer(815301076,1909f56bfc062723c751e8b465ee728b)  -> (artifact id: '92594bcb860df44c297719f8f27553b1') in 0.048943 seconds
Number of updated asset objects reloaded before import = 0
Number of asset objects unloaded after import = 2
========================================================================
Received Import Request.
  Time since last request: 0.000017 seconds.
  path: Assets/Bulky-Knight/textures/Clothes_N.png
  artifactKey: Guid(c37115dbabbfcd14aab76852506a3ff8) Importer(815301076,1909f56bfc062723c751e8b465ee728b)
Start importing Assets/Bulky-Knight/textures/Clothes_N.png using Guid(c37115dbabbfcd14aab76852506a3ff8) Importer(815301076,1909f56bfc062723c751e8b465ee728b)  -> (artifact id: 'ff840ca72251662b902d855120a0af8d') in 0.015576 seconds
Number of updated asset objects reloaded before import = 0
Number of asset objects unloaded after import = 2
========================================================================
Received Import Request.
  Time since last request: 0.000023 seconds.
  path: Assets/Bulky-Knight/textures/Axe_V.png
  artifactKey: Guid(e6e387da97130084ea8f623edcac1c48) Importer(815301076,1909f56bfc062723c751e8b465ee728b)
Start importing Assets/Bulky-Knight/textures/Axe_V.png using Guid(e6e387da97130084ea8f623edcac1c48) Importer(815301076,1909f56bfc062723c751e8b465ee728b)  -> (artifact id: '47744f13d2af5db50b6550abdaec5c40') in 0.020295 seconds
Number of updated asset objects reloaded before import = 0
Number of asset objects unloaded after import = 2
========================================================================
Received Import Request.
  Time since last request: 0.000017 seconds.
  path: Assets/Bulky-Knight/textures/Clothes_C.png
  artifactKey: Guid(ec92ed303af676545ac568314af76c56) Importer(815301076,1909f56bfc062723c751e8b465ee728b)
Start importing Assets/Bulky-Knight/textures/Clothes_C.png using Guid(ec92ed303af676545ac568314af76c56) Importer(815301076,1909f56bfc062723c751e8b465ee728b)  -> (artifact id: 'ce045a6bda4a90c9066a4e44027df887') in 0.024201 seconds
Number of updated asset objects reloaded before import = 0
Number of asset objects unloaded after import = 2
========================================================================
Received Import Request.
  Time since last request: 67.255776 seconds.
  path: Assets/Bulky-Knight/Materials/Axe_C.mat
  artifactKey: Guid(c4328e50aee9af94ea3a1ccd15df8bae) Importer(815301076,1909f56bfc062723c751e8b465ee728b)
Start importing Assets/Bulky-Knight/Materials/Axe_C.mat using Guid(c4328e50aee9af94ea3a1ccd15df8bae) Importer(815301076,1909f56bfc062723c751e8b465ee728b)  -> (artifact id: 'ef4a15df3080b8d6437dd0abf4f7dbdd') in 0.117141 seconds
Number of updated asset objects reloaded before import = 0
Number of asset objects unloaded after import = 2
========================================================================
Received Import Request.
  Time since last request: 427.087733 seconds.
  path: Assets/vikingmedieval-game-character/textures/Armband_Gloss.jpeg
  artifactKey: Guid(bd35fe4d1abc62f47bada12a63bd9b56) Importer(815301076,1909f56bfc062723c751e8b465ee728b)
Start importing Assets/vikingmedieval-game-character/textures/Armband_Gloss.jpeg using Guid(bd35fe4d1abc62f47bada12a63bd9b56) Importer(815301076,1909f56bfc062723c751e8b465ee728b)  -> (artifact id: '0a3b4652ea3610a6aee9e0b17ad5368f') in 0.015340 seconds
Number of updated asset objects reloaded before import = 0
Number of asset objects unloaded after import = 2
========================================================================
Received Import Request.
  Time since last request: 0.000015 seconds.
  path: Assets/vikingmedieval-game-character/textures/Gauntlet_Spec.jpeg
  artifactKey: Guid(694bc48aeda38e24ab22e07a139a7822) Importer(815301076,1909f56bfc062723c751e8b465ee728b)
Start importing Assets/vikingmedieval-game-character/textures/Gauntlet_Spec.jpeg using Guid(694bc48aeda38e24ab22e07a139a7822) Importer(815301076,1909f56bfc062723c751e8b465ee728b)  -> (artifact id: 'b321e56173914cc93470c342bb257cce') in 0.041475 seconds
Number of updated asset objects reloaded before import = 0
Number of asset objects unloaded after import = 2
========================================================================
Received Import Request.
  Time since last request: 0.000017 seconds.
  path: Assets/vikingmedieval-game-character/textures/Collar_Spec.jpeg
  artifactKey: Guid(529906e6bba3b2a4bbdfac2d32de0e70) Importer(815301076,1909f56bfc062723c751e8b465ee728b)
Start importing Assets/vikingmedieval-game-character/textures/Collar_Spec.jpeg using Guid(529906e6bba3b2a4bbdfac2d32de0e70) Importer(815301076,1909f56bfc062723c751e8b465ee728b)  -> (artifact id: '8a8f07f19a965eadd5c444e025452f28') in 0.023862 seconds
Number of updated asset objects reloaded before import = 0
Number of asset objects unloaded after import = 2
========================================================================
Received Import Request.
  Time since last request: 0.000015 seconds.
  path: Assets/vikingmedieval-game-character/textures/Shield_Diffuse.jpeg
  artifactKey: Guid(7b164d19935ebee42b79fda012301b5c) Importer(815301076,1909f56bfc062723c751e8b465ee728b)
Start importing Assets/vikingmedieval-game-character/textures/Shield_Diffuse.jpeg using Guid(7b164d19935ebee42b79fda012301b5c) Importer(815301076,1909f56bfc062723c751e8b465ee728b)  -> (artifact id: 'f76407b66db25bf65213e2e387047374') in 0.029310 seconds
Number of updated asset objects reloaded before import = 0
Number of asset objects unloaded after import = 2
========================================================================
Received Import Request.
  Time since last request: 0.000012 seconds.
  path: Assets/vikingmedieval-game-character/textures/Shoulder_Spec.jpeg
  artifactKey: Guid(79170752589d2bb4b89f46e054f279a6) Importer(815301076,1909f56bfc062723c751e8b465ee728b)
Start importing Assets/vikingmedieval-game-character/textures/Shoulder_Spec.jpeg using Guid(79170752589d2bb4b89f46e054f279a6) Importer(815301076,1909f56bfc062723c751e8b465ee728b)  -> (artifact id: '67ac88aade8e169f9f8c0d9734ce3d4e') in 0.014214 seconds
Number of updated asset objects reloaded before import = 0
Number of asset objects unloaded after import = 2
========================================================================
Received Import Request.
  Time since last request: 0.000021 seconds.
  path: Assets/vikingmedieval-game-character/textures/Boot_Diff.jpeg
  artifactKey: Guid(de6f7422a9acd9a4cadc7e24d25db3d4) Importer(815301076,1909f56bfc062723c751e8b465ee728b)
Start importing Assets/vikingmedieval-game-character/textures/Boot_Diff.jpeg using Guid(de6f7422a9acd9a4cadc7e24d25db3d4) Importer(815301076,1909f56bfc062723c751e8b465ee728b)  -> (artifact id: '725b177ddda96f9c636d035d27d855cd') in 0.013474 seconds
Number of updated asset objects reloaded before import = 0
Number of asset objects unloaded after import = 2
========================================================================
Received Import Request.
  Time since last request: 0.000017 seconds.
  path: Assets/vikingmedieval-game-character/textures/Shoulder_Gloss.jpeg
  artifactKey: Guid(d09e05f75c74f8642887c166a895e957) Importer(815301076,1909f56bfc062723c751e8b465ee728b)
Start importing Assets/vikingmedieval-game-character/textures/Shoulder_Gloss.jpeg using Guid(d09e05f75c74f8642887c166a895e957) Importer(815301076,1909f56bfc062723c751e8b465ee728b)  -> (artifact id: 'f824c56b5ff679471114d314ae1d86ae') in 0.011905 seconds
Number of updated asset objects reloaded before import = 0
Number of asset objects unloaded after import = 2
========================================================================
Received Import Request.
  Time since last request: 0.000014 seconds.
  path: Assets/vikingmedieval-game-character/textures/Belt_Spec.jpeg
  artifactKey: Guid(458c45331d08ac5428ddf416dfac90b9) Importer(815301076,1909f56bfc062723c751e8b465ee728b)
Start importing Assets/vikingmedieval-game-character/textures/Belt_Spec.jpeg using Guid(458c45331d08ac5428ddf416dfac90b9) Importer(815301076,1909f56bfc062723c751e8b465ee728b)  -> (artifact id: 'a655d263454c98cccd39a1a055515c14') in 0.012302 seconds
Number of updated asset objects reloaded before import = 0
Number of asset objects unloaded after import = 2
========================================================================
Received Import Request.
  Time since last request: 0.000012 seconds.
  path: Assets/vikingmedieval-game-character/textures/Armband_Norm.jpeg
  artifactKey: Guid(4153625acda96ba4695ccacc00101fb0) Importer(815301076,1909f56bfc062723c751e8b465ee728b)
Start importing Assets/vikingmedieval-game-character/textures/Armband_Norm.jpeg using Guid(4153625acda96ba4695ccacc00101fb0) Importer(815301076,1909f56bfc062723c751e8b465ee728b)  -> (artifact id: 'b785ed4224412f25d0cc73a710f60aa5') in 0.012848 seconds
Number of updated asset objects reloaded before import = 0
Number of asset objects unloaded after import = 2
========================================================================
Received Import Request.
  Time since last request: 0.000013 seconds.
  path: Assets/vikingmedieval-game-character/textures/Char_Normal.jpeg
  artifactKey: Guid(a648d38a24b57ad40be19930033917d0) Importer(815301076,1909f56bfc062723c751e8b465ee728b)
Start importing Assets/vikingmedieval-game-character/textures/Char_Normal.jpeg using Guid(a648d38a24b57ad40be19930033917d0) Importer(815301076,1909f56bfc062723c751e8b465ee728b)  -> (artifact id: '80618a427203d973feaebce4fb057664') in 0.013789 seconds
Number of updated asset objects reloaded before import = 0
Number of asset objects unloaded after import = 2
========================================================================
Received Import Request.
  Time since last request: 0.000011 seconds.
  path: Assets/vikingmedieval-game-character/textures/Belt_Norm.jpeg
  artifactKey: Guid(498c636bc0e980a4a8b166e4381f8bb4) Importer(815301076,1909f56bfc062723c751e8b465ee728b)
Start importing Assets/vikingmedieval-game-character/textures/Belt_Norm.jpeg using Guid(498c636bc0e980a4a8b166e4381f8bb4) Importer(815301076,1909f56bfc062723c751e8b465ee728b)  -> (artifact id: '2e25a59bda90f2cac17785de02afb432') in 0.013747 seconds
Number of updated asset objects reloaded before import = 0
Number of asset objects unloaded after import = 2
========================================================================
Received Import Request.
  Time since last request: 0.000016 seconds.
  path: Assets/vikingmedieval-game-character/textures/Gauntlet_Norm.jpeg
  artifactKey: Guid(6411996bfaad91347b58aca8c92df53c) Importer(815301076,1909f56bfc062723c751e8b465ee728b)
Start importing Assets/vikingmedieval-game-character/textures/Gauntlet_Norm.jpeg using Guid(6411996bfaad91347b58aca8c92df53c) Importer(815301076,1909f56bfc062723c751e8b465ee728b)  -> (artifact id: '48741a2817b4531d90e86be0d2bab982') in 0.012809 seconds
Number of updated asset objects reloaded before import = 0
Number of asset objects unloaded after import = 2
========================================================================
Received Import Request.
  Time since last request: 0.000015 seconds.
  path: Assets/vikingmedieval-game-character/textures/Char_Spec.jpeg
  artifactKey: Guid(91b5532e59a70b741b6892d6241fa2cd) Importer(815301076,1909f56bfc062723c751e8b465ee728b)
Start importing Assets/vikingmedieval-game-character/textures/Char_Spec.jpeg using Guid(91b5532e59a70b741b6892d6241fa2cd) Importer(815301076,1909f56bfc062723c751e8b465ee728b)  -> (artifact id: '2218f86ea9e90e0ec270f51b571d78f3') in 0.012904 seconds
Number of updated asset objects reloaded before import = 0
Number of asset objects unloaded after import = 2
========================================================================
Received Import Request.
  Time since last request: 0.000014 seconds.
  path: Assets/vikingmedieval-game-character/textures/Collar_Diff.jpeg
  artifactKey: Guid(4f18b3e3b8d1ba14cb981671835fa141) Importer(815301076,1909f56bfc062723c751e8b465ee728b)
Start importing Assets/vikingmedieval-game-character/textures/Collar_Diff.jpeg using Guid(4f18b3e3b8d1ba14cb981671835fa141) Importer(815301076,1909f56bfc062723c751e8b465ee728b)  -> (artifact id: '968ead48fc03d9864661e38844db6247') in 0.014321 seconds
Number of updated asset objects reloaded before import = 0
Number of asset objects unloaded after import = 2
========================================================================
Received Import Request.
  Time since last request: 0.000015 seconds.
  path: Assets/vikingmedieval-game-character/textures/Axe_Diff.jpeg
  artifactKey: Guid(1176d32c00eed504d934767c10067590) Importer(815301076,1909f56bfc062723c751e8b465ee728b)
Start importing Assets/vikingmedieval-game-character/textures/Axe_Diff.jpeg using Guid(1176d32c00eed504d934767c10067590) Importer(815301076,1909f56bfc062723c751e8b465ee728b)  -> (artifact id: 'ac77cac93aaca1339ad7db6b7bb3c3ce') in 0.013214 seconds
Number of updated asset objects reloaded before import = 0
Number of asset objects unloaded after import = 2
========================================================================
Received Import Request.
  Time since last request: 0.000012 seconds.
  path: Assets/vikingmedieval-game-character/textures/Belt_Diff.jpeg
  artifactKey: Guid(728c85b5536aed4478436ff71da2a8a4) Importer(815301076,1909f56bfc062723c751e8b465ee728b)
Start importing Assets/vikingmedieval-game-character/textures/Belt_Diff.jpeg using Guid(728c85b5536aed4478436ff71da2a8a4) Importer(815301076,1909f56bfc062723c751e8b465ee728b)  -> (artifact id: 'ed1ebae2750dd064eef05e9c368464df') in 0.016893 seconds
Number of updated asset objects reloaded before import = 0
Number of asset objects unloaded after import = 2
========================================================================
Received Import Request.
  Time since last request: 0.000014 seconds.
  path: Assets/vikingmedieval-game-character/textures/Shield_GLoss.jpeg
  artifactKey: Guid(f2212e2d1d67bec4aa0a680675efa000) Importer(815301076,1909f56bfc062723c751e8b465ee728b)
Start importing Assets/vikingmedieval-game-character/textures/Shield_GLoss.jpeg using Guid(f2212e2d1d67bec4aa0a680675efa000) Importer(815301076,1909f56bfc062723c751e8b465ee728b)  -> (artifact id: 'a2baca3929c256c612863308010d78cc') in 0.014248 seconds
Number of updated asset objects reloaded before import = 0
Number of asset objects unloaded after import = 2
========================================================================
Received Import Request.
  Time since last request: 0.000018 seconds.
  path: Assets/vikingmedieval-game-character/textures/Gauntlet_Diff.jpeg
  artifactKey: Guid(76f3c9cb6788c82468b923e5190fc6a6) Importer(815301076,1909f56bfc062723c751e8b465ee728b)
Start importing Assets/vikingmedieval-game-character/textures/Gauntlet_Diff.jpeg using Guid(76f3c9cb6788c82468b923e5190fc6a6) Importer(815301076,1909f56bfc062723c751e8b465ee728b)  -> (artifact id: '2397bfe84c8a554490352f25e7f42b5c') in 0.014050 seconds
Number of updated asset objects reloaded before import = 0
Number of asset objects unloaded after import = 2
========================================================================
Received Import Request.
  Time since last request: 0.000014 seconds.
  path: Assets/vikingmedieval-game-character/textures/Axe_Gloss.jpeg
  artifactKey: Guid(6713b7d4aba3c554ead170b2c0c759a2) Importer(815301076,1909f56bfc062723c751e8b465ee728b)
Start importing Assets/vikingmedieval-game-character/textures/Axe_Gloss.jpeg using Guid(6713b7d4aba3c554ead170b2c0c759a2) Importer(815301076,1909f56bfc062723c751e8b465ee728b)  -> (artifact id: '2340f4e4a0621249f10e07f2d36323e4') in 0.012729 seconds
Number of updated asset objects reloaded before import = 0
Number of asset objects unloaded after import = 2
========================================================================
Received Import Request.
  Time since last request: 0.000014 seconds.
  path: Assets/vikingmedieval-game-character/textures/Shoulder_Diff.jpeg
  artifactKey: Guid(66003e11c16cdf940ae7b5aaab241528) Importer(815301076,1909f56bfc062723c751e8b465ee728b)
Start importing Assets/vikingmedieval-game-character/textures/Shoulder_Diff.jpeg using Guid(66003e11c16cdf940ae7b5aaab241528) Importer(815301076,1909f56bfc062723c751e8b465ee728b)  -> (artifact id: 'b909259b8ba55b801d3cc0599e052682') in 0.013709 seconds
Number of updated asset objects reloaded before import = 0
Number of asset objects unloaded after import = 2
Editor requested this worker to shutdown with reason: Scaling down because of idle timeout
TcpMessagingSession - receive error: operation aborted. errorcode: 995, details: The I/O operation has been aborted because of either a thread exit or an application request.
AssetImportWorker is now disconnected from the server
Process exiting
Exiting without the bug reporter. Application will terminate with return code 0